<?xml version="1.0" encoding="UTF-8"?>
<!-- Generated by org.testng.reporters.JUnitReportReporter -->
<testsuite hostname="DESKTOP-U5M0LT4" failures="0" tests="1" name="com.testPages.PhotoTest" time="22.401" errors="0" timestamp="2022-11-18T12:12:17 IST" skipped="0">
  <testcase classname="com.testPages.PhotoTest" name="Home" time="22.401"/>
  <system-out/>
</testsuite> <!-- com.testPages.PhotoTest -->
